[2013-02-25 21:13:47] request.ERROR: Symfony\Component\HttpKernel\Exception\NotFoundHttpException: No route found for "GET /" (uncaught exception) at C:\xampp\htdocs\PROJECTS\SYMFONY.2.1.V2\path\vendor\symfony\symfony\src\Symfony\Component\HttpKernel\EventListener\RouterListener.php line 92 [] []
[2013-02-25 21:13:59] request.ERROR: Symfony\Component\HttpKernel\Exception\NotFoundHttpException: No route found for "GET /" (uncaught exception) at C:\xampp\htdocs\PROJECTS\SYMFONY.2.1.V2\path\vendor\symfony\symfony\src\Symfony\Component\HttpKernel\EventListener\RouterListener.php line 92 [] []
[2013-02-25 22:10:36] request.ERROR: Symfony\Component\HttpKernel\Exception\NotFoundHttpException: No route found for "GET /app/un" (uncaught exception) at C:\xampp\htdocs\PROJECTS\SYMFONY.2.1.V2\path\app\cache\prod\classes.php line 5135 [] []
[2013-02-25 22:10:46] request.ERROR: Symfony\Component\HttpKernel\Exception\NotFoundHttpException: No route found for "GET /un" (uncaught exception) at C:\xampp\htdocs\PROJECTS\SYMFONY.2.1.V2\path\app\cache\prod\classes.php line 5135 [] []
[2013-02-25 22:15:39] request.INFO: Matched route "test_un_homepage" (parameters: "_controller": "Test\UnBundle\Controller\DefaultController::indexAction", "name": "tttttttttttt", "_route": "test_un_homepage") [] []
[2013-02-25 22:15:40] request.CRITICAL: Twig_Error_Runtime: An exception has been thrown during the rendering of a template ("Route "_welcome" does not exist.") in "TestUnBundle:Default:index.html.twig" at line 2. (uncaught exception) at C:\xampp\htdocs\PROJECTS\SYMFONY.2.1.V2\path\vendor\twig\twig\lib\Twig\Template.php line 280 [] []
[2013-02-25 22:15:48] request.ERROR: Symfony\Component\HttpKernel\Exception\NotFoundHttpException: No route found for "GET /" (uncaught exception) at C:\xampp\htdocs\PROJECTS\SYMFONY.2.1.V2\path\app\cache\prod\classes.php line 5135 [] []
[2013-02-25 22:16:06] request.ERROR: Symfony\Component\HttpKernel\Exception\NotFoundHttpException: No route found for "GET /" (uncaught exception) at C:\xampp\htdocs\PROJECTS\SYMFONY.2.1.V2\path\app\cache\prod\classes.php line 5135 [] []
[2013-02-25 22:16:29] request.ERROR: Symfony\Component\HttpKernel\Exception\NotFoundHttpException: No route found for "GET /" (uncaught exception) at C:\xampp\htdocs\PROJECTS\SYMFONY.2.1.V2\path\vendor\symfony\symfony\src\Symfony\Component\HttpKernel\EventListener\RouterListener.php line 92 [] []
[2013-02-25 22:17:43] request.ERROR: Symfony\Component\HttpKernel\Exception\NotFoundHttpException: No route found for "GET /" (uncaught exception) at C:\xampp\htdocs\PROJECTS\SYMFONY.2.1.V2\path\vendor\symfony\symfony\src\Symfony\Component\HttpKernel\EventListener\RouterListener.php line 92 [] []
[2013-02-25 22:18:17] request.INFO: Matched route "test_un_homepage" (parameters: "_controller": "Test\UnBundle\Controller\DefaultController::indexAction", "name": "tttttttttttt", "_route": "test_un_homepage") [] []
[2013-02-25 22:18:17] request.CRITICAL: Twig_Error_Runtime: An exception has been thrown during the rendering of a template ("Route "_welcome" does not exist.") in "TestUnBundle:Default:index.html.twig". (uncaught exception) at C:\xampp\htdocs\PROJECTS\SYMFONY.2.1.V2\path\vendor\twig\twig\lib\Twig\Template.php line 280 [] []
[2013-02-25 22:18:23] request.ERROR: Symfony\Component\HttpKernel\Exception\NotFoundHttpException: No route found for "GET /hello" (uncaught exception) at C:\xampp\htdocs\PROJECTS\SYMFONY.2.1.V2\path\app\cache\prod\classes.php line 5135 [] []
[2013-02-25 22:18:31] request.ERROR: Symfony\Component\HttpKernel\Exception\NotFoundHttpException: No route found for "GET /app/un" (uncaught exception) at C:\xampp\htdocs\PROJECTS\SYMFONY.2.1.V2\path\app\cache\prod\classes.php line 5135 [] []
[2013-02-25 22:47:54] request.ERROR: Symfony\Component\HttpKernel\Exception\NotFoundHttpException: No route found for "GET /" (uncaught exception) at C:\xampp\htdocs\PROJECTS\SYMFONY.2.1.V2\path\app\cache\prod\classes.php line 5135 [] []
[2013-02-25 22:48:11] request.ERROR: Symfony\Component\HttpKernel\Exception\NotFoundHttpException: No route found for "GET /" (uncaught exception) at C:\xampp\htdocs\PROJECTS\SYMFONY.2.1.V2\path\app\cache\prod\classes.php line 5135 [] []
[2013-02-25 22:49:36] request.ERROR: Symfony\Component\HttpKernel\Exception\NotFoundHttpException: No route found for "GET /" (uncaught exception) at C:\xampp\htdocs\PROJECTS\SYMFONY.2.1.V2\path\app\cache\prod\classes.php line 5135 [] []
[2013-02-25 22:51:09] request.ERROR: Symfony\Component\HttpKernel\Exception\NotFoundHttpException: No route found for "GET /" (uncaught exception) at C:\xampp\htdocs\PROJECTS\SYMFONY.2.1.V2\path\app\cache\prod\classes.php line 5135 [] []
[2013-02-25 22:51:09] request.ERROR: Symfony\Component\HttpKernel\Exception\NotFoundHttpException: No route found for "GET /" (uncaught exception) at C:\xampp\htdocs\PROJECTS\SYMFONY.2.1.V2\path\app\cache\prod\classes.php line 5135 [] []
[2013-02-25 22:53:57] request.ERROR: Symfony\Component\HttpKernel\Exception\NotFoundHttpException: No route found for "GET /" (uncaught exception) at C:\xampp\htdocs\PROJECTS\SYMFONY.2.1.V2\path\app\cache\prod\classes.php line 5135 [] []
[2013-02-25 22:55:24] request.ERROR: Symfony\Component\HttpKernel\Exception\NotFoundHttpException: No route found for "GET /" (uncaught exception) at C:\xampp\htdocs\PROJECTS\SYMFONY.2.1.V2\path\app\cache\prod\classes.php line 5135 [] []
[2013-02-25 22:58:44] request.ERROR: Symfony\Component\HttpKernel\Exception\NotFoundHttpException: No route found for "GET /" (uncaught exception) at C:\xampp\htdocs\PROJECTS\SYMFONY.2.1.V2\path\app\cache\prod\classes.php line 5135 [] []
[2013-02-25 22:58:58] request.ERROR: Symfony\Component\HttpKernel\Exception\NotFoundHttpException: No route found for "GET /" (uncaught exception) at C:\xampp\htdocs\PROJECTS\SYMFONY.2.1.V2\path\app\cache\prod\classes.php line 5135 [] []
[2013-03-17 18:48:32] request.ERROR: Symfony\Component\HttpKernel\Exception\NotFoundHttpException: No route found for "GET /" (uncaught exception) at C:\xampp\htdocs\PROJECTS\SYMFONY.2.1.V2\path\app\cache\prod\classes.php line 5135 [] []
[2013-03-20 22:05:41] request.ERROR: Symfony\Component\HttpKernel\Exception\NotFoundHttpException: No route found for "GET /" (uncaught exception) at C:\xampp\htdocs\PROJECTS\SYMFONY.2.1.V2\path\app\cache\prod\classes.php line 5135 [] []
